<?xml version="1.0" encoding="UTF-8"?>
<!-- Generated by org.testng.reporters.JUnitReportReporter -->
<testsuite hostname="ATMECSINLT-087" failures="0" tests="1" name="com.tutorialsninjaandheatclinic.TutorialsninjaAndHeatclinicAutomation.base.DynamicXML" time="69.463" errors="0" timestamp="13 Nov 2019 15:05:47 GMT" skipped="0">
  <testcase classname="com.tutorialsninjaandheatclinic.TutorialsninjaAndHeatclinicAutomation.base.DynamicXML" name="xmlsuite" time="69.463"/>
</testsuite> <!-- com.tutorialsninjaandheatclinic.TutorialsninjaAndHeatclinicAutomation.base.DynamicXML -->
