<?xml version="1.0" encoding="UTF-8"?>
<!-- Generated by org.testng.reporters.JUnitReportReporter -->
<testsuite hostname="ATMECSINLT-087" failures="0" tests="2" name="com.tutorialsninjaandheatclinic.TutorialsninjaAndHeatclinicAutomation.testscripts.HeatClinicFuctionalityTesting" time="21.900" errors="0" timestamp="18 Nov 2019 11:51:10 GMT" skipped="0">
  <testcase classname="com.tutorialsninjaandheatclinic.TutorialsninjaAndHeatclinicAutomation.testscripts.HeatClinicFuctionalityTesting" name="headerRedirectionValidation" time="7.368"/>
  <testcase classname="com.tutorialsninjaandheatclinic.TutorialsninjaAndHeatclinicAutomation.testscripts.HeatClinicFuctionalityTesting" name="merchandiseFunctionality" time="14.532"/>
</testsuite> <!-- com.tutorialsninjaandheatclinic.TutorialsninjaAndHeatclinicAutomation.testscripts.HeatClinicFuctionalityTesting -->
