<?xml version="1.0" encoding="UTF-8"?>
<!-- Generated by org.testng.reporters.JUnitReportReporter -->
<testsuite hostname="ATMECSINLT-087" failures="0" tests="1" name="com.tutorialsninjaandheatclinic.TutorialsninjaAndHeatclinicAutomation.base.DynamicXML" time="65.173" errors="0" timestamp="14 Nov 2019 10:30:34 GMT" skipped="0">
  <testcase classname="com.tutorialsninjaandheatclinic.TutorialsninjaAndHeatclinicAutomation.base.DynamicXML" name="xmlsuite" time="65.173"/>
</testsuite> <!-- com.tutorialsninjaandheatclinic.TutorialsninjaAndHeatclinicAutomation.base.DynamicXML -->
